2021-07-13 09:11:22 HKT хуж╬:  йЩ╬щ©Бо╣мЁжп╤оё╩иор╩╢н╣дфТ╤╞й╠╪Дйгтз2021-07-12 23:53:33 HKT
2021-07-13 09:11:59 HKT жбцЭ╢МнС:  йЩ╬щ©Бо╣мЁфТ╤╞жп
2021-07-13 09:12:00 HKT жбцЭ╢МнС:  йЩ╬щ©Бо╣мЁфТ╤╞жп
2021-07-13 09:12:00 HKT жбцЭ╢МнС:  йЩ╬щ©Бо╣мЁфТ╤╞жп
2021-07-13 09:12:02 HKT хуж╬:  йЩ╬щ©Бо╣мЁц╩спуЩх╥╣д╧ь╠у; ╢╕сзвт╤╞╩ж╦╢в╢л╛жп
2021-07-13 09:12:02 HKT хуж╬:  redo тз 0/1011ACD0 ©╙й╪
2021-07-13 09:12:02 HKT хуж╬:  0/1011B490╢╕╣д╪гб╪Ё╓╤х╡╩╨о╥╗
2021-07-13 09:12:02 HKT хуж╬:  redo тз 0/1011B468 мЙЁи
2021-07-13 09:12:02 HKT хуж╬:  иор╩╢нмЙЁийбнЯйгтзхуж╬й╠╪Д2021-07-12 23:54:37.261179+08мЙЁи╣д.
2021-07-13 09:12:03 HKT хуж╬:  ╤ЮйбнЯЁит╠╩ь╬М╠ё╩╓ожтз╠╩фТсц║ё
2021-07-13 09:12:03 HKT хуж╬:  йЩ╬щ©Бо╣мЁв╪╠╦╫сйэа╛╫с
2021-07-13 09:12:03 HKT хуж╬:  ряфТ╤╞autovacuum
2021-07-13 09:13:11 HKT И■≥Х╞╞:  Ф≈═ФЁ∙Е°╗Е┘ЁГЁ╩ "ir_cron"Д╦╜Г └Х╝╟Е╫∙Д╦┼Х▌╥Е╬≈И■│
2021-07-13 09:13:11 HKT Х╞╜Е▐╔:  SELECT *
	                                       FROM ir_cron
	                                       WHERE numbercall != 0
	                                          AND active
	                                          AND nextcall <= (now() at time zone 'UTC')
	                                          AND id=11
	                                       FOR UPDATE NOWAIT
